2026-02-06 23:51:03,831 - __main__ - INFO - ============================================================
2026-02-06 23:51:03,962 - __main__ - INFO -    Time: 2026-02-06T18:21:03.831792
2026-02-06 23:51:03,962 - __main__ - INFO - ============================================================
2026-02-06 23:51:07,680 - __main__ - INFO - Fetched 50 records from last 60 days
2026-02-06 23:51:07,714 - __main__ - INFO -    Prepared 50 samples with 15 features
2026-02-06 23:51:19,489 - __main__ - INFO -    Using 12 features: ['distance_cm_lag_1', 'distance_cm_lag_2', 'distance_cm_lag_3', 'distance_cm_lag_7', 'distance_cm_lag_14', 'distance_cm_roll_mean_3', 'distance_cm_roll_std_3', 'distance_cm_roll_mean_7', 'distance_cm_roll_std_7', 'distance_cm_roll_mean_14', 'distance_cm_roll_std_14', 'dow']
2026-02-06 23:51:19,489 - __main__ - INFO -    Training samples: 50
2026-02-06 23:51:19,545 - __main__ - INFO -    Fold 1: MAE=33.89, RMSE=40.06, R˛=0.155
2026-02-06 23:51:19,614 - __main__ - INFO -    Fold 2: MAE=29.79, RMSE=40.91, R˛=-0.297
2026-02-06 23:51:19,677 - __main__ - INFO -    Fold 3: MAE=12.27, RMSE=24.23, R˛=0.604
2026-02-06 23:51:19,677 - __main__ - INFO -    Cross-validation results:
2026-02-06 23:51:19,677 - __main__ - INFO -    - MAE: 25.32 ± 9.38
2026-02-06 23:51:19,677 - __main__ - INFO -    - RMSE: 35.07 ± 7.67
2026-02-06 23:51:19,677 - __main__ - INFO -    - R˛: 0.154 ± 0.368
2026-02-06 23:51:19,760 - __main__ - INFO -    Top 5 important features:
2026-02-06 23:51:19,760 - __main__ - INFO -      - distance_cm_roll_mean_3: 0.520
2026-02-06 23:51:19,760 - __main__ - INFO -      - distance_cm_roll_std_3: 0.109
2026-02-06 23:51:19,760 - __main__ - INFO -      - distance_cm_roll_mean_7: 0.096
2026-02-06 23:51:19,760 - __main__ - INFO -      - dow: 0.049
2026-02-06 23:51:19,763 - __main__ - INFO -      - distance_cm_roll_std_7: 0.047
2026-02-06 23:51:19,826 - __main__ - INFO - ============================================================
2026-02-06 23:51:19,836 - __main__ - INFO -    Duration: 16.0 seconds
2026-02-06 23:51:19,836 - __main__ - INFO -    Samples used: 50
2026-02-06 23:51:19,836 - __main__ - INFO -    Model MAE: 25.32
2026-02-06 23:51:19,836 - __main__ - INFO - ============================================================
2026-02-06 23:59:39,948 - __main__ - INFO - ============================================================
2026-02-06 23:59:39,948 - __main__ - INFO - [Start] Starting Bin Overflow Prediction Model Retraining
2026-02-06 23:59:39,948 - __main__ - INFO -    Time: 2026-02-06T18:29:39.948984
2026-02-06 23:59:39,948 - __main__ - INFO - ============================================================
2026-02-06 23:59:40,155 - __main__ - INFO - [Data] Connecting to MongoDB...
2026-02-06 23:59:42,459 - __main__ - INFO - Fetched 50 records from last 60 days
2026-02-06 23:59:42,459 - __main__ - INFO - [Features] Preparing features...
2026-02-06 23:59:42,487 - __main__ - INFO -    Prepared 50 samples with 15 features
2026-02-06 23:59:43,690 - __main__ - INFO - [Training] Training model...
2026-02-06 23:59:43,690 - __main__ - INFO -    Using 12 features: ['distance_cm_lag_1', 'distance_cm_lag_2', 'distance_cm_lag_3', 'distance_cm_lag_7', 'distance_cm_lag_14', 'distance_cm_roll_mean_3', 'distance_cm_roll_std_3', 'distance_cm_roll_mean_7', 'distance_cm_roll_std_7', 'distance_cm_roll_mean_14', 'distance_cm_roll_std_14', 'dow']
2026-02-06 23:59:43,690 - __main__ - INFO -    Training samples: 50
2026-02-06 23:59:43,759 - __main__ - INFO -    Fold 1: MAE=33.89, RMSE=40.06, R˛=0.155
2026-02-06 23:59:43,820 - __main__ - INFO -    Fold 2: MAE=29.79, RMSE=40.91, R˛=-0.297
2026-02-06 23:59:43,883 - __main__ - INFO -    Fold 3: MAE=12.27, RMSE=24.23, R˛=0.604
2026-02-06 23:59:43,883 - __main__ - INFO -    Cross-validation results:
2026-02-06 23:59:43,883 - __main__ - INFO -    - MAE: 25.32 ± 9.38
2026-02-06 23:59:43,883 - __main__ - INFO -    - RMSE: 35.07 ± 7.67
2026-02-06 23:59:43,883 - __main__ - INFO -    - R˛: 0.154 ± 0.368
2026-02-06 23:59:43,966 - __main__ - INFO -    Top 5 important features:
2026-02-06 23:59:43,966 - __main__ - INFO -      - distance_cm_roll_mean_3: 0.520
2026-02-06 23:59:43,966 - __main__ - INFO -      - distance_cm_roll_std_3: 0.109
2026-02-06 23:59:43,966 - __main__ - INFO -      - distance_cm_roll_mean_7: 0.096
2026-02-06 23:59:43,966 - __main__ - INFO -      - dow: 0.049
2026-02-06 23:59:43,966 - __main__ - INFO -      - distance_cm_roll_std_7: 0.047
2026-02-06 23:59:43,975 - __main__ - INFO - [Save] Model saved to C:\Users\HP\Documents\my\res\EcoFit_app\backend\waste-classification\model\lag_model_random.pkl
2026-02-06 23:59:43,979 - __main__ - INFO - [Save] Backup saved to C:\Users\HP\Documents\my\res\EcoFit_app\backend\waste-classification\model\lag_model_random_20260206_182943.pkl
2026-02-06 23:59:43,979 - __main__ - INFO - ============================================================
2026-02-06 23:59:43,983 - __main__ - INFO - [OK] Retraining completed successfully!
2026-02-06 23:59:43,983 - __main__ - INFO -    Duration: 4.0 seconds
2026-02-06 23:59:43,984 - __main__ - INFO -    Samples used: 50
2026-02-06 23:59:43,984 - __main__ - INFO -    Model MAE: 25.32
2026-02-06 23:59:43,984 - __main__ - INFO - ============================================================
2026-02-07 00:11:46,067 - __main__ - INFO - ============================================================
2026-02-07 00:11:46,067 - __main__ - INFO - [Start] Starting Bin Overflow Prediction Model Retraining
2026-02-07 00:11:46,067 - __main__ - INFO -    Time: 2026-02-06T18:41:46.067831
2026-02-07 00:11:46,067 - __main__ - INFO - ============================================================
2026-02-07 00:11:46,229 - __main__ - INFO - [Data] Connecting to MongoDB...
2026-02-07 00:11:48,512 - __main__ - INFO - Fetched 50 records from last 60 days
2026-02-07 00:11:48,514 - __main__ - INFO - [Features] Preparing features...
2026-02-07 00:11:48,524 - __main__ - INFO -    Prepared 50 samples with 15 features
2026-02-07 00:11:49,584 - __main__ - INFO - [Training] Training model...
2026-02-07 00:11:49,584 - __main__ - INFO -    Using 12 features: ['distance_cm_lag_1', 'distance_cm_lag_2', 'distance_cm_lag_3', 'distance_cm_lag_7', 'distance_cm_lag_14', 'distance_cm_roll_mean_3', 'distance_cm_roll_std_3', 'distance_cm_roll_mean_7', 'distance_cm_roll_std_7', 'distance_cm_roll_mean_14', 'distance_cm_roll_std_14', 'dow']
2026-02-07 00:11:49,584 - __main__ - INFO -    Training samples: 50
2026-02-07 00:11:49,642 - __main__ - INFO -    Fold 1: MAE=33.89, RMSE=40.06, R˛=0.155
2026-02-07 00:11:49,694 - __main__ - INFO -    Fold 2: MAE=29.79, RMSE=40.91, R˛=-0.297
2026-02-07 00:11:49,761 - __main__ - INFO -    Fold 3: MAE=12.27, RMSE=24.23, R˛=0.604
2026-02-07 00:11:49,761 - __main__ - INFO -    Cross-validation results:
2026-02-07 00:11:49,761 - __main__ - INFO -    - MAE: 25.32 ± 9.38
2026-02-07 00:11:49,761 - __main__ - INFO -    - RMSE: 35.07 ± 7.67
2026-02-07 00:11:49,761 - __main__ - INFO -    - R˛: 0.154 ± 0.368
2026-02-07 00:11:49,831 - __main__ - INFO -    Top 5 important features:
2026-02-07 00:11:49,831 - __main__ - INFO -      - distance_cm_roll_mean_3: 0.520
2026-02-07 00:11:49,831 - __main__ - INFO -      - distance_cm_roll_std_3: 0.109
2026-02-07 00:11:49,831 - __main__ - INFO -      - distance_cm_roll_mean_7: 0.096
2026-02-07 00:11:49,831 - __main__ - INFO -      - dow: 0.049
2026-02-07 00:11:49,839 - __main__ - INFO -      - distance_cm_roll_std_7: 0.047
2026-02-07 00:11:49,845 - __main__ - INFO - [Save] Model saved to C:\Users\HP\Documents\my\res\EcoFit_app\backend\waste-classification\model\lag_model_random_20260206_184149.pkl
2026-02-07 00:11:49,848 - __main__ - INFO - [Save] Removed previous model lag_model_random_20260206_182119.pkl
2026-02-07 00:11:49,848 - __main__ - INFO - [Save] Removed previous model lag_model_random_20260206_182943.pkl
2026-02-07 00:11:49,848 - __main__ - INFO - ============================================================
2026-02-07 00:11:49,848 - __main__ - INFO - [OK] Retraining completed successfully!
2026-02-07 00:11:49,848 - __main__ - INFO -    Duration: 3.8 seconds
2026-02-07 00:11:49,850 - __main__ - INFO -    Samples used: 50
2026-02-07 00:11:49,850 - __main__ - INFO -    Model MAE: 25.32
2026-02-07 00:11:49,850 - __main__ - INFO - ============================================================
2026-02-07 01:04:16,402 - __main__ - INFO - ============================================================
2026-02-07 01:04:16,402 - __main__ - INFO - [Start] Starting Bin Overflow Prediction Model Retraining
2026-02-07 01:04:16,402 - __main__ - INFO -    Time: 2026-02-06T19:34:16.402925
2026-02-07 01:04:16,402 - __main__ - INFO - ============================================================
2026-02-07 01:04:16,637 - __main__ - INFO - [Data] Connecting to MongoDB...
2026-02-07 01:04:18,653 - __main__ - INFO - Fetched 50 records from last 60 days
2026-02-07 01:04:18,655 - __main__ - INFO - [Features] Preparing features...
2026-02-07 01:04:18,671 - __main__ - INFO -    Prepared 50 samples with 15 features
2026-02-07 01:04:20,140 - __main__ - INFO - [Training] Training model...
2026-02-07 01:04:20,140 - __main__ - INFO -    Using 12 features: ['distance_cm_lag_1', 'distance_cm_lag_2', 'distance_cm_lag_3', 'distance_cm_lag_7', 'distance_cm_lag_14', 'distance_cm_roll_mean_3', 'distance_cm_roll_std_3', 'distance_cm_roll_mean_7', 'distance_cm_roll_std_7', 'distance_cm_roll_mean_14', 'distance_cm_roll_std_14', 'dow']
2026-02-07 01:04:20,140 - __main__ - INFO -    Training samples: 50
2026-02-07 01:04:20,719 - __main__ - INFO -    Fold 1: MAE=34.85, RMSE=43.74, R˛=-0.007
2026-02-07 01:04:21,136 - __main__ - INFO -    Fold 2: MAE=29.36, RMSE=42.33, R˛=-0.388
2026-02-07 01:04:21,653 - __main__ - INFO -    Fold 3: MAE=11.33, RMSE=24.11, R˛=0.608
2026-02-07 01:04:21,653 - __main__ - INFO -    Cross-validation results:
2026-02-07 01:04:21,653 - __main__ - INFO -    - MAE: 25.18 ± 10.04
2026-02-07 01:04:21,653 - __main__ - INFO -    - RMSE: 36.73 ± 8.94
2026-02-07 01:04:21,658 - __main__ - INFO -    - R˛: 0.071 ± 0.410
2026-02-07 01:04:22,232 - __main__ - INFO -    Top 5 important features:
2026-02-07 01:04:22,234 - __main__ - INFO -      - distance_cm_roll_mean_3: 0.476
2026-02-07 01:04:22,234 - __main__ - INFO -      - distance_cm_roll_mean_7: 0.171
2026-02-07 01:04:22,234 - __main__ - INFO -      - distance_cm_roll_std_3: 0.073
2026-02-07 01:04:22,236 - __main__ - INFO -      - distance_cm_lag_3: 0.061
2026-02-07 01:04:22,236 - __main__ - INFO -      - distance_cm_lag_7: 0.050
2026-02-07 01:04:22,349 - __main__ - INFO - [Save] Model saved to C:\Users\HP\Documents\my\res\EcoFit_app\backend\waste-classification\model\lag_model_random_20260206_193422.pkl
2026-02-07 01:04:22,352 - __main__ - INFO - [Save] Removed previous model lag_model_random_20260206_184149.pkl
2026-02-07 01:04:22,352 - __main__ - INFO - ============================================================
2026-02-07 01:04:22,352 - __main__ - INFO - [OK] Retraining completed successfully!
2026-02-07 01:04:22,352 - __main__ - INFO -    Duration: 5.9 seconds
2026-02-07 01:04:22,352 - __main__ - INFO -    Samples used: 50
2026-02-07 01:04:22,352 - __main__ - INFO -    Model MAE: 25.18
2026-02-07 01:04:22,352 - __main__ - INFO - ============================================================
2026-02-08 23:08:01,762 - __main__ - INFO - ============================================================
2026-02-08 23:08:01,762 - __main__ - INFO - [Start] Starting Bin Overflow Prediction Model Retraining (all bins)
2026-02-08 23:08:01,765 - __main__ - INFO -    Bins: ['blue_bin', 'yellow_bin', 'green_bin', 'black_bin', 'red_bin']
2026-02-08 23:08:01,765 - __main__ - INFO -    Time: 2026-02-08T17:38:01.762961
2026-02-08 23:08:01,765 - __main__ - INFO - ============================================================
2026-02-08 23:08:01,954 - __main__ - INFO - --- Training bin_id=blue_bin ---
2026-02-08 23:08:01,954 - __main__ - INFO - [Data] Connecting to MongoDB...
2026-02-08 23:08:04,133 - __main__ - INFO - Fetched 59 records for blue_bin from last 60 days
2026-02-08 23:08:04,133 - __main__ - INFO - [Features] Preparing features...
2026-02-08 23:08:04,153 - __main__ - INFO -    Prepared 59 samples with 15 features
2026-02-08 23:08:06,044 - __main__ - INFO - [Training] Training model...
2026-02-08 23:08:06,044 - __main__ - INFO -    Using 12 features: ['distance_cm_lag_1', 'distance_cm_lag_2', 'distance_cm_lag_3', 'distance_cm_lag_7', 'distance_cm_lag_14', 'distance_cm_roll_mean_3', 'distance_cm_roll_std_3', 'distance_cm_roll_mean_7', 'distance_cm_roll_std_7', 'distance_cm_roll_mean_14', 'distance_cm_roll_std_14', 'dow']
2026-02-08 23:08:06,044 - __main__ - INFO -    Training samples: 59
2026-02-08 23:08:06,397 - __main__ - INFO -    Fold 1: MAE=28.48, RMSE=31.73, R˛=-3.984
2026-02-08 23:08:06,723 - __main__ - INFO -    Fold 2: MAE=35.06, RMSE=43.58, R˛=-13.463
2026-02-08 23:08:07,059 - __main__ - INFO -    Fold 3: MAE=1.74, RMSE=2.19, R˛=0.965
2026-02-08 23:08:07,059 - __main__ - INFO -    Cross-validation results:
2026-02-08 23:08:07,059 - __main__ - INFO -    - MAE: 21.76 ± 14.41
2026-02-08 23:08:07,059 - __main__ - INFO -    - RMSE: 25.83 ± 17.40
2026-02-08 23:08:07,059 - __main__ - INFO -    - R˛: -5.494 ± 5.986
2026-02-08 23:08:07,390 - __main__ - INFO -    Top 5 important features:
2026-02-08 23:08:07,391 - __main__ - INFO -      - distance_cm_roll_mean_3: 0.443
2026-02-08 23:08:07,391 - __main__ - INFO -      - distance_cm_lag_1: 0.325
2026-02-08 23:08:07,391 - __main__ - INFO -      - distance_cm_lag_2: 0.063
2026-02-08 23:08:07,391 - __main__ - INFO -      - distance_cm_lag_3: 0.042
2026-02-08 23:08:07,391 - __main__ - INFO -      - distance_cm_roll_std_14: 0.025
2026-02-08 23:08:07,453 - __main__ - INFO - [Save] Model saved to C:\Users\HP\Documents\my\res\EcoFit_app\backend\waste-classification\model\lag_model_random_blue_bin_20260208_173807.pkl
2026-02-08 23:08:07,453 - __main__ - INFO - --- Training bin_id=yellow_bin ---
2026-02-08 23:08:07,453 - __main__ - INFO - [Data] Connecting to MongoDB...
2026-02-08 23:08:09,184 - __main__ - INFO - Fetched 59 records for yellow_bin from last 60 days
2026-02-08 23:08:09,184 - __main__ - INFO - [Features] Preparing features...
2026-02-08 23:08:09,184 - __main__ - INFO -    Prepared 59 samples with 15 features
2026-02-08 23:08:09,184 - __main__ - INFO - [Training] Training model...
2026-02-08 23:08:09,184 - __main__ - INFO -    Using 12 features: ['distance_cm_lag_1', 'distance_cm_lag_2', 'distance_cm_lag_3', 'distance_cm_lag_7', 'distance_cm_lag_14', 'distance_cm_roll_mean_3', 'distance_cm_roll_std_3', 'distance_cm_roll_mean_7', 'distance_cm_roll_std_7', 'distance_cm_roll_mean_14', 'distance_cm_roll_std_14', 'dow']
2026-02-08 23:08:09,184 - __main__ - INFO -    Training samples: 59
2026-02-08 23:08:09,513 - __main__ - INFO -    Fold 1: MAE=13.87, RMSE=19.71, R˛=0.631
2026-02-08 23:08:09,836 - __main__ - INFO -    Fold 2: MAE=7.60, RMSE=9.70, R˛=0.882
2026-02-08 23:08:10,163 - __main__ - INFO -    Fold 3: MAE=10.17, RMSE=13.24, R˛=0.828
2026-02-08 23:08:10,163 - __main__ - INFO -    Cross-validation results:
2026-02-08 23:08:10,163 - __main__ - INFO -    - MAE: 10.55 ± 2.57
2026-02-08 23:08:10,163 - __main__ - INFO -    - RMSE: 14.21 ± 4.14
2026-02-08 23:08:10,163 - __main__ - INFO -    - R˛: 0.780 ± 0.108
2026-02-08 23:08:10,488 - __main__ - INFO -    Top 5 important features:
2026-02-08 23:08:10,490 - __main__ - INFO -      - distance_cm_roll_mean_3: 0.452
2026-02-08 23:08:10,490 - __main__ - INFO -      - distance_cm_lag_3: 0.190
2026-02-08 23:08:10,490 - __main__ - INFO -      - distance_cm_lag_1: 0.091
2026-02-08 23:08:10,490 - __main__ - INFO -      - distance_cm_roll_std_7: 0.082
2026-02-08 23:08:10,490 - __main__ - INFO -      - distance_cm_roll_std_14: 0.052
2026-02-08 23:08:10,553 - __main__ - INFO - [Save] Model saved to C:\Users\HP\Documents\my\res\EcoFit_app\backend\waste-classification\model\lag_model_random_yellow_bin_20260208_173810.pkl
2026-02-08 23:08:10,555 - __main__ - INFO - --- Training bin_id=green_bin ---
2026-02-08 23:08:10,555 - __main__ - INFO - [Data] Connecting to MongoDB...
2026-02-08 23:08:12,152 - __main__ - INFO - Fetched 48 records for green_bin from last 60 days
2026-02-08 23:08:12,152 - __main__ - INFO - [Features] Preparing features...
2026-02-08 23:08:12,162 - __main__ - INFO -    Prepared 48 samples with 15 features
2026-02-08 23:08:12,162 - __main__ - INFO - [Training] Training model...
2026-02-08 23:08:12,162 - __main__ - INFO -    Using 12 features: ['distance_cm_lag_1', 'distance_cm_lag_2', 'distance_cm_lag_3', 'distance_cm_lag_7', 'distance_cm_lag_14', 'distance_cm_roll_mean_3', 'distance_cm_roll_std_3', 'distance_cm_roll_mean_7', 'distance_cm_roll_std_7', 'distance_cm_roll_mean_14', 'distance_cm_roll_std_14', 'dow']
2026-02-08 23:08:12,162 - __main__ - INFO -    Training samples: 48
2026-02-08 23:08:12,491 - __main__ - INFO -    Fold 1: MAE=40.19, RMSE=53.78, R˛=-0.522
2026-02-08 23:08:12,814 - __main__ - INFO -    Fold 2: MAE=22.78, RMSE=26.47, R˛=0.457
2026-02-08 23:08:13,163 - __main__ - INFO -    Fold 3: MAE=12.27, RMSE=24.27, R˛=0.603
2026-02-08 23:08:13,163 - __main__ - INFO -    Cross-validation results:
2026-02-08 23:08:13,163 - __main__ - INFO -    - MAE: 25.08 ± 11.52
2026-02-08 23:08:13,163 - __main__ - INFO -    - RMSE: 34.84 ± 13.42
2026-02-08 23:08:13,163 - __main__ - INFO -    - R˛: 0.179 ± 0.500
2026-02-08 23:08:13,496 - __main__ - INFO -    Top 5 important features:
2026-02-08 23:08:13,497 - __main__ - INFO -      - distance_cm_roll_mean_3: 0.516
2026-02-08 23:08:13,497 - __main__ - INFO -      - distance_cm_roll_mean_7: 0.099
2026-02-08 23:08:13,497 - __main__ - INFO -      - distance_cm_lag_1: 0.094
2026-02-08 23:08:13,497 - __main__ - INFO -      - distance_cm_roll_std_3: 0.066
2026-02-08 23:08:13,498 - __main__ - INFO -      - distance_cm_lag_14: 0.048
2026-02-08 23:08:13,562 - __main__ - INFO - [Save] Model saved to C:\Users\HP\Documents\my\res\EcoFit_app\backend\waste-classification\model\lag_model_random_green_bin_20260208_173813.pkl
2026-02-08 23:08:13,562 - __main__ - INFO - --- Training bin_id=black_bin ---
2026-02-08 23:08:13,562 - __main__ - INFO - [Data] Connecting to MongoDB...
2026-02-08 23:08:15,162 - __main__ - INFO - Fetched 59 records for black_bin from last 60 days
2026-02-08 23:08:15,162 - __main__ - INFO - [Features] Preparing features...
2026-02-08 23:08:15,206 - __main__ - INFO -    Prepared 59 samples with 15 features
2026-02-08 23:08:15,206 - __main__ - INFO - [Training] Training model...
2026-02-08 23:08:15,206 - __main__ - INFO -    Using 12 features: ['distance_cm_lag_1', 'distance_cm_lag_2', 'distance_cm_lag_3', 'distance_cm_lag_7', 'distance_cm_lag_14', 'distance_cm_roll_mean_3', 'distance_cm_roll_std_3', 'distance_cm_roll_mean_7', 'distance_cm_roll_std_7', 'distance_cm_roll_mean_14', 'distance_cm_roll_std_14', 'dow']
2026-02-08 23:08:15,206 - __main__ - INFO -    Training samples: 59
2026-02-08 23:08:15,524 - __main__ - INFO -    Fold 1: MAE=6.66, RMSE=7.21, R˛=-8.951
2026-02-08 23:08:15,858 - __main__ - INFO -    Fold 2: MAE=4.37, RMSE=4.90, R˛=-3.660
2026-02-08 23:08:16,186 - __main__ - INFO -    Fold 3: MAE=4.56, RMSE=4.97, R˛=-6.595
2026-02-08 23:08:16,186 - __main__ - INFO -    Cross-validation results:
2026-02-08 23:08:16,186 - __main__ - INFO -    - MAE: 5.20 ± 1.04
2026-02-08 23:08:16,186 - __main__ - INFO -    - RMSE: 5.69 ± 1.08
2026-02-08 23:08:16,186 - __main__ - INFO -    - R˛: -6.402 ± 2.165
2026-02-08 23:08:16,517 - __main__ - INFO -    Top 5 important features:
2026-02-08 23:08:16,517 - __main__ - INFO -      - distance_cm_lag_3: 0.144
2026-02-08 23:08:16,517 - __main__ - INFO -      - distance_cm_lag_2: 0.143
2026-02-08 23:08:16,517 - __main__ - INFO -      - distance_cm_roll_mean_3: 0.125
2026-02-08 23:08:16,517 - __main__ - INFO -      - distance_cm_roll_mean_14: 0.122
2026-02-08 23:08:16,517 - __main__ - INFO -      - distance_cm_roll_mean_7: 0.119
2026-02-08 23:08:16,584 - __main__ - INFO - [Save] Model saved to C:\Users\HP\Documents\my\res\EcoFit_app\backend\waste-classification\model\lag_model_random_black_bin_20260208_173816.pkl
2026-02-08 23:08:16,584 - __main__ - INFO - --- Training bin_id=red_bin ---
2026-02-08 23:08:16,584 - __main__ - INFO - [Data] Connecting to MongoDB...
2026-02-08 23:08:18,455 - __main__ - INFO - Fetched 59 records for red_bin from last 60 days
2026-02-08 23:08:18,455 - __main__ - INFO - [Features] Preparing features...
2026-02-08 23:08:18,455 - __main__ - INFO -    Prepared 59 samples with 15 features
2026-02-08 23:08:18,455 - __main__ - INFO - [Training] Training model...
2026-02-08 23:08:18,455 - __main__ - INFO -    Using 12 features: ['distance_cm_lag_1', 'distance_cm_lag_2', 'distance_cm_lag_3', 'distance_cm_lag_7', 'distance_cm_lag_14', 'distance_cm_roll_mean_3', 'distance_cm_roll_std_3', 'distance_cm_roll_mean_7', 'distance_cm_roll_std_7', 'distance_cm_roll_mean_14', 'distance_cm_roll_std_14', 'dow']
2026-02-08 23:08:18,455 - __main__ - INFO -    Training samples: 59
2026-02-08 23:08:18,786 - __main__ - INFO -    Fold 1: MAE=10.39, RMSE=11.85, R˛=-2.870
2026-02-08 23:08:19,140 - __main__ - INFO -    Fold 2: MAE=12.70, RMSE=13.76, R˛=-7.893
2026-02-08 23:08:19,489 - __main__ - INFO -    Fold 3: MAE=9.80, RMSE=10.83, R˛=-4.435
2026-02-08 23:08:19,489 - __main__ - INFO -    Cross-validation results:
2026-02-08 23:08:19,489 - __main__ - INFO -    - MAE: 10.96 ± 1.25
2026-02-08 23:08:19,489 - __main__ - INFO -    - RMSE: 12.15 ± 1.21
2026-02-08 23:08:19,489 - __main__ - INFO -    - R˛: -5.066 ± 2.099
2026-02-08 23:08:19,822 - __main__ - INFO -    Top 5 important features:
2026-02-08 23:08:19,822 - __main__ - INFO -      - distance_cm_lag_2: 0.147
2026-02-08 23:08:19,822 - __main__ - INFO -      - distance_cm_roll_mean_7: 0.129
2026-02-08 23:08:19,822 - __main__ - INFO -      - distance_cm_lag_14: 0.124
2026-02-08 23:08:19,822 - __main__ - INFO -      - distance_cm_roll_mean_14: 0.121
2026-02-08 23:08:19,822 - __main__ - INFO -      - distance_cm_roll_mean_3: 0.121
2026-02-08 23:08:19,887 - __main__ - INFO - [Save] Model saved to C:\Users\HP\Documents\my\res\EcoFit_app\backend\waste-classification\model\lag_model_random_red_bin_20260208_173819.pkl
2026-02-08 23:08:19,887 - __main__ - INFO - ============================================================
2026-02-08 23:08:19,887 - __main__ - INFO - [OK] Retraining completed. Trained 5/5 bins in 18.1s
2026-02-08 23:08:19,887 - __main__ - INFO - ============================================================
2026-02-08 23:19:37,019 - __main__ - INFO - ============================================================
2026-02-08 23:19:37,019 - __main__ - INFO - [Start] Starting Bin Overflow Prediction Model Retraining (all bins)
2026-02-08 23:19:37,019 - __main__ - INFO -    Bins: ['blue_bin', 'yellow_bin', 'green_bin', 'black_bin', 'red_bin']
2026-02-08 23:19:37,019 - __main__ - INFO -    Time: 2026-02-08T17:49:37.019844
2026-02-08 23:19:37,019 - __main__ - INFO - ============================================================
2026-02-08 23:19:37,136 - __main__ - INFO - --- Training bin_id=blue_bin ---
2026-02-08 23:19:37,136 - __main__ - INFO - [Data] Connecting to MongoDB...
2026-02-08 23:19:38,939 - __main__ - INFO - Fetched 59 records for blue_bin from last 60 days
2026-02-08 23:19:38,940 - __main__ - INFO - [Features] Preparing features...
2026-02-08 23:19:38,952 - __main__ - INFO -    Prepared 59 samples with 15 features
2026-02-08 23:19:39,860 - __main__ - INFO - [Training] Training model...
2026-02-08 23:19:39,860 - __main__ - INFO -    Using 12 features: ['distance_cm_lag_1', 'distance_cm_lag_2', 'distance_cm_lag_3', 'distance_cm_lag_7', 'distance_cm_lag_14', 'distance_cm_roll_mean_3', 'distance_cm_roll_std_3', 'distance_cm_roll_mean_7', 'distance_cm_roll_std_7', 'distance_cm_roll_mean_14', 'distance_cm_roll_std_14', 'dow']
2026-02-08 23:19:39,860 - __main__ - INFO -    Training samples: 59
2026-02-08 23:19:40,321 - __main__ - INFO -    Fold 1: MAE=28.48, RMSE=31.73, R˛=-3.984
2026-02-08 23:19:40,790 - __main__ - INFO -    Fold 2: MAE=35.06, RMSE=43.58, R˛=-13.463
2026-02-08 23:19:41,381 - __main__ - INFO -    Fold 3: MAE=1.74, RMSE=2.19, R˛=0.965
2026-02-08 23:19:41,381 - __main__ - INFO -    Cross-validation results:
2026-02-08 23:19:41,382 - __main__ - INFO -    - MAE: 21.76 ± 14.41
2026-02-08 23:19:41,382 - __main__ - INFO -    - RMSE: 25.83 ± 17.40
2026-02-08 23:19:41,382 - __main__ - INFO -    - R˛: -5.494 ± 5.986
2026-02-08 23:19:41,813 - __main__ - INFO -    Top 5 important features:
2026-02-08 23:19:41,813 - __main__ - INFO -      - distance_cm_roll_mean_3: 0.443
2026-02-08 23:19:41,813 - __main__ - INFO -      - distance_cm_lag_1: 0.325
2026-02-08 23:19:41,814 - __main__ - INFO -      - distance_cm_lag_2: 0.063
2026-02-08 23:19:41,814 - __main__ - INFO -      - distance_cm_lag_3: 0.042
2026-02-08 23:19:41,814 - __main__ - INFO -      - distance_cm_roll_std_14: 0.025
2026-02-08 23:19:41,909 - __main__ - INFO - [Save] Model saved to C:\Users\HP\Documents\my\res\EcoFit_app\backend\waste-classification\model\overflow\lag_model_random_blue_bin_20260208_174941.pkl
2026-02-08 23:19:41,910 - __main__ - INFO - --- Training bin_id=yellow_bin ---
2026-02-08 23:19:41,910 - __main__ - INFO - [Data] Connecting to MongoDB...
2026-02-08 23:19:43,556 - __main__ - INFO - Fetched 59 records for yellow_bin from last 60 days
2026-02-08 23:19:43,557 - __main__ - INFO - [Features] Preparing features...
2026-02-08 23:19:43,569 - __main__ - INFO -    Prepared 59 samples with 15 features
2026-02-08 23:19:43,569 - __main__ - INFO - [Training] Training model...
2026-02-08 23:19:43,571 - __main__ - INFO -    Using 12 features: ['distance_cm_lag_1', 'distance_cm_lag_2', 'distance_cm_lag_3', 'distance_cm_lag_7', 'distance_cm_lag_14', 'distance_cm_roll_mean_3', 'distance_cm_roll_std_3', 'distance_cm_roll_mean_7', 'distance_cm_roll_std_7', 'distance_cm_roll_mean_14', 'distance_cm_roll_std_14', 'dow']
2026-02-08 23:19:43,572 - __main__ - INFO -    Training samples: 59
2026-02-08 23:19:44,025 - __main__ - INFO -    Fold 1: MAE=13.87, RMSE=19.71, R˛=0.631
2026-02-08 23:19:44,518 - __main__ - INFO -    Fold 2: MAE=7.60, RMSE=9.70, R˛=0.882
2026-02-08 23:19:45,024 - __main__ - INFO -    Fold 3: MAE=10.17, RMSE=13.24, R˛=0.828
2026-02-08 23:19:45,025 - __main__ - INFO -    Cross-validation results:
2026-02-08 23:19:45,025 - __main__ - INFO -    - MAE: 10.55 ± 2.57
2026-02-08 23:19:45,025 - __main__ - INFO -    - RMSE: 14.21 ± 4.14
2026-02-08 23:19:45,025 - __main__ - INFO -    - R˛: 0.780 ± 0.108
2026-02-08 23:19:45,471 - __main__ - INFO -    Top 5 important features:
2026-02-08 23:19:45,471 - __main__ - INFO -      - distance_cm_roll_mean_3: 0.452
2026-02-08 23:19:45,471 - __main__ - INFO -      - distance_cm_lag_3: 0.190
2026-02-08 23:19:45,471 - __main__ - INFO -      - distance_cm_lag_1: 0.091
2026-02-08 23:19:45,471 - __main__ - INFO -      - distance_cm_roll_std_7: 0.082
2026-02-08 23:19:45,471 - __main__ - INFO -      - distance_cm_roll_std_14: 0.052
2026-02-08 23:19:45,586 - __main__ - INFO - [Save] Model saved to C:\Users\HP\Documents\my\res\EcoFit_app\backend\waste-classification\model\overflow\lag_model_random_yellow_bin_20260208_174945.pkl
2026-02-08 23:19:45,587 - __main__ - INFO - --- Training bin_id=green_bin ---
2026-02-08 23:19:45,587 - __main__ - INFO - [Data] Connecting to MongoDB...
2026-02-08 23:19:47,372 - __main__ - INFO - Fetched 48 records for green_bin from last 60 days
2026-02-08 23:19:47,373 - __main__ - INFO - [Features] Preparing features...
2026-02-08 23:19:47,380 - __main__ - INFO -    Prepared 48 samples with 15 features
2026-02-08 23:19:47,380 - __main__ - INFO - [Training] Training model...
2026-02-08 23:19:47,381 - __main__ - INFO -    Using 12 features: ['distance_cm_lag_1', 'distance_cm_lag_2', 'distance_cm_lag_3', 'distance_cm_lag_7', 'distance_cm_lag_14', 'distance_cm_roll_mean_3', 'distance_cm_roll_std_3', 'distance_cm_roll_mean_7', 'distance_cm_roll_std_7', 'distance_cm_roll_mean_14', 'distance_cm_roll_std_14', 'dow']
2026-02-08 23:19:47,381 - __main__ - INFO -    Training samples: 48
2026-02-08 23:19:47,846 - __main__ - INFO -    Fold 1: MAE=40.19, RMSE=53.78, R˛=-0.522
2026-02-08 23:19:48,346 - __main__ - INFO -    Fold 2: MAE=22.78, RMSE=26.47, R˛=0.457
2026-02-08 23:19:48,856 - __main__ - INFO -    Fold 3: MAE=12.27, RMSE=24.27, R˛=0.603
2026-02-08 23:19:48,856 - __main__ - INFO -    Cross-validation results:
2026-02-08 23:19:48,857 - __main__ - INFO -    - MAE: 25.08 ± 11.52
2026-02-08 23:19:48,857 - __main__ - INFO -    - RMSE: 34.84 ± 13.42
2026-02-08 23:19:48,858 - __main__ - INFO -    - R˛: 0.179 ± 0.500
2026-02-08 23:19:49,306 - __main__ - INFO -    Top 5 important features:
2026-02-08 23:19:49,307 - __main__ - INFO -      - distance_cm_roll_mean_3: 0.516
2026-02-08 23:19:49,307 - __main__ - INFO -      - distance_cm_roll_mean_7: 0.099
2026-02-08 23:19:49,307 - __main__ - INFO -      - distance_cm_lag_1: 0.094
2026-02-08 23:19:49,307 - __main__ - INFO -      - distance_cm_roll_std_3: 0.066
2026-02-08 23:19:49,307 - __main__ - INFO -      - distance_cm_lag_14: 0.048
2026-02-08 23:19:49,403 - __main__ - INFO - [Save] Model saved to C:\Users\HP\Documents\my\res\EcoFit_app\backend\waste-classification\model\overflow\lag_model_random_green_bin_20260208_174949.pkl
2026-02-08 23:19:49,404 - __main__ - INFO - --- Training bin_id=black_bin ---
2026-02-08 23:19:49,404 - __main__ - INFO - [Data] Connecting to MongoDB...
2026-02-08 23:19:51,333 - __main__ - INFO - Fetched 59 records for black_bin from last 60 days
2026-02-08 23:19:51,333 - __main__ - INFO - [Features] Preparing features...
2026-02-08 23:19:51,338 - __main__ - INFO -    Prepared 59 samples with 15 features
2026-02-08 23:19:51,339 - __main__ - INFO - [Training] Training model...
2026-02-08 23:19:51,339 - __main__ - INFO -    Using 12 features: ['distance_cm_lag_1', 'distance_cm_lag_2', 'distance_cm_lag_3', 'distance_cm_lag_7', 'distance_cm_lag_14', 'distance_cm_roll_mean_3', 'distance_cm_roll_std_3', 'distance_cm_roll_mean_7', 'distance_cm_roll_std_7', 'distance_cm_roll_mean_14', 'distance_cm_roll_std_14', 'dow']
2026-02-08 23:19:51,339 - __main__ - INFO -    Training samples: 59
2026-02-08 23:19:51,841 - __main__ - INFO -    Fold 1: MAE=6.66, RMSE=7.21, R˛=-8.951
2026-02-08 23:19:52,346 - __main__ - INFO -    Fold 2: MAE=4.37, RMSE=4.90, R˛=-3.660
2026-02-08 23:19:52,833 - __main__ - INFO -    Fold 3: MAE=4.56, RMSE=4.97, R˛=-6.595
2026-02-08 23:19:52,835 - __main__ - INFO -    Cross-validation results:
2026-02-08 23:19:52,835 - __main__ - INFO -    - MAE: 5.20 ± 1.04
2026-02-08 23:19:52,835 - __main__ - INFO -    - RMSE: 5.69 ± 1.08
2026-02-08 23:19:52,836 - __main__ - INFO -    - R˛: -6.402 ± 2.165
2026-02-08 23:19:53,337 - __main__ - INFO -    Top 5 important features:
2026-02-08 23:19:53,338 - __main__ - INFO -      - distance_cm_lag_3: 0.144
2026-02-08 23:19:53,338 - __main__ - INFO -      - distance_cm_lag_2: 0.143
2026-02-08 23:19:53,338 - __main__ - INFO -      - distance_cm_roll_mean_3: 0.125
2026-02-08 23:19:53,339 - __main__ - INFO -      - distance_cm_roll_mean_14: 0.122
2026-02-08 23:19:53,339 - __main__ - INFO -      - distance_cm_roll_mean_7: 0.119
2026-02-08 23:19:53,444 - __main__ - INFO - [Save] Model saved to C:\Users\HP\Documents\my\res\EcoFit_app\backend\waste-classification\model\overflow\lag_model_random_black_bin_20260208_174953.pkl
2026-02-08 23:19:53,445 - __main__ - INFO - --- Training bin_id=red_bin ---
2026-02-08 23:19:53,446 - __main__ - INFO - [Data] Connecting to MongoDB...
2026-02-08 23:19:55,248 - __main__ - INFO - Fetched 59 records for red_bin from last 60 days
2026-02-08 23:19:55,248 - __main__ - INFO - [Features] Preparing features...
2026-02-08 23:19:55,258 - __main__ - INFO -    Prepared 59 samples with 15 features
2026-02-08 23:19:55,258 - __main__ - INFO - [Training] Training model...
2026-02-08 23:19:55,259 - __main__ - INFO -    Using 12 features: ['distance_cm_lag_1', 'distance_cm_lag_2', 'distance_cm_lag_3', 'distance_cm_lag_7', 'distance_cm_lag_14', 'distance_cm_roll_mean_3', 'distance_cm_roll_std_3', 'distance_cm_roll_mean_7', 'distance_cm_roll_std_7', 'distance_cm_roll_mean_14', 'distance_cm_roll_std_14', 'dow']
2026-02-08 23:19:55,259 - __main__ - INFO -    Training samples: 59
2026-02-08 23:19:55,818 - __main__ - INFO -    Fold 1: MAE=10.39, RMSE=11.85, R˛=-2.870
2026-02-08 23:19:56,317 - __main__ - INFO -    Fold 2: MAE=12.70, RMSE=13.76, R˛=-7.893
2026-02-08 23:19:56,808 - __main__ - INFO -    Fold 3: MAE=9.80, RMSE=10.83, R˛=-4.435
2026-02-08 23:19:56,808 - __main__ - INFO -    Cross-validation results:
2026-02-08 23:19:56,809 - __main__ - INFO -    - MAE: 10.96 ± 1.25
2026-02-08 23:19:56,809 - __main__ - INFO -    - RMSE: 12.15 ± 1.21
2026-02-08 23:19:56,809 - __main__ - INFO -    - R˛: -5.066 ± 2.099
2026-02-08 23:19:57,276 - __main__ - INFO -    Top 5 important features:
2026-02-08 23:19:57,276 - __main__ - INFO -      - distance_cm_lag_2: 0.147
2026-02-08 23:19:57,277 - __main__ - INFO -      - distance_cm_roll_mean_7: 0.129
2026-02-08 23:19:57,277 - __main__ - INFO -      - distance_cm_lag_14: 0.124
2026-02-08 23:19:57,277 - __main__ - INFO -      - distance_cm_roll_mean_14: 0.121
2026-02-08 23:19:57,278 - __main__ - INFO -      - distance_cm_roll_mean_3: 0.121
2026-02-08 23:19:57,404 - __main__ - INFO - [Save] Model saved to C:\Users\HP\Documents\my\res\EcoFit_app\backend\waste-classification\model\overflow\lag_model_random_red_bin_20260208_174957.pkl
2026-02-08 23:19:57,405 - __main__ - INFO - ============================================================
2026-02-08 23:19:57,405 - __main__ - INFO - [OK] Retraining completed. Trained 5/5 bins in 20.4s
2026-02-08 23:19:57,405 - __main__ - INFO - ============================================================
2026-03-02 21:51:31,252 - __main__ - INFO - ============================================================
2026-03-02 21:51:31,252 - __main__ - INFO - [Start] Starting Bin Overflow Prediction Model Retraining (all bins)
2026-03-02 21:51:31,252 - __main__ - INFO -    Bins: ['blue_bin', 'yellow_bin', 'green_bin', 'black_bin', 'red_bin']
2026-03-02 21:51:31,252 - __main__ - INFO -    Time: 2026-03-02T16:21:31.252310
2026-03-02 21:51:31,252 - __main__ - INFO - ============================================================
2026-03-02 21:51:31,468 - __main__ - INFO - --- Training bin_id=blue_bin ---
2026-03-02 21:51:31,468 - __main__ - INFO - [Data] Connecting to MongoDB...
2026-03-02 21:51:33,662 - __main__ - INFO - Fetched 97 records for blue_bin from last 60 days
2026-03-02 21:51:33,662 - __main__ - INFO - [Features] Preparing features...
2026-03-02 21:51:33,734 - __main__ - INFO -    Prepared 97 samples with 15 features
2026-03-02 21:51:35,388 - __main__ - INFO - [Training] Training model...
2026-03-02 21:51:35,388 - __main__ - INFO -    Using 12 features: ['distance_cm_lag_1', 'distance_cm_lag_2', 'distance_cm_lag_3', 'distance_cm_lag_7', 'distance_cm_lag_14', 'distance_cm_roll_mean_3', 'distance_cm_roll_std_3', 'distance_cm_roll_mean_7', 'distance_cm_roll_std_7', 'distance_cm_roll_mean_14', 'distance_cm_roll_std_14', 'dow']
2026-03-02 21:51:35,388 - __main__ - INFO -    Training samples: 97
2026-03-02 21:51:36,100 - __main__ - INFO -    Fold 1: MAE=8.19, RMSE=9.71, R˛=0.787
2026-03-02 21:51:36,775 - __main__ - INFO -    Fold 2: MAE=11.97, RMSE=18.53, R˛=0.639
2026-03-02 21:51:37,455 - __main__ - INFO -    Fold 3: MAE=7.87, RMSE=11.74, R˛=0.744
2026-03-02 21:51:37,460 - __main__ - INFO -    Cross-validation results:
2026-03-02 21:51:37,460 - __main__ - INFO -    - MAE: 9.34 ± 1.86
2026-03-02 21:51:37,460 - __main__ - INFO -    - RMSE: 13.33 ± 3.77
2026-03-02 21:51:37,462 - __main__ - INFO -    - R˛: 0.723 ± 0.062
2026-03-02 21:51:38,222 - __main__ - INFO -    Top 5 important features:
2026-03-02 21:51:38,222 - __main__ - INFO -      - distance_cm_lag_2: 0.443
2026-03-02 21:51:38,222 - __main__ - INFO -      - distance_cm_roll_mean_3: 0.400
2026-03-02 21:51:38,222 - __main__ - INFO -      - distance_cm_lag_14: 0.039
2026-03-02 21:51:38,222 - __main__ - INFO -      - distance_cm_lag_1: 0.037
2026-03-02 21:51:38,222 - __main__ - INFO -      - distance_cm_roll_std_3: 0.036
2026-03-02 21:51:38,372 - __main__ - INFO - [Save] Model saved to C:\Users\HP\Documents\my\res\EcoFit_app\backend\waste-classification\model\overflow\lag_model_random_blue_bin_20260302_162138.pkl
2026-03-02 21:51:38,375 - __main__ - INFO - [Save] Removed previous model lag_model_random_blue_bin_20260208_174941.pkl
2026-03-02 21:51:38,375 - __main__ - INFO - --- Training bin_id=yellow_bin ---
2026-03-02 21:51:38,377 - __main__ - INFO - [Data] Connecting to MongoDB...
2026-03-02 21:51:40,455 - __main__ - INFO - Fetched 97 records for yellow_bin from last 60 days
2026-03-02 21:51:40,456 - __main__ - INFO - [Features] Preparing features...
2026-03-02 21:51:40,471 - __main__ - INFO -    Prepared 97 samples with 15 features
2026-03-02 21:51:40,472 - __main__ - INFO - [Training] Training model...
2026-03-02 21:51:40,474 - __main__ - INFO -    Using 12 features: ['distance_cm_lag_1', 'distance_cm_lag_2', 'distance_cm_lag_3', 'distance_cm_lag_7', 'distance_cm_lag_14', 'distance_cm_roll_mean_3', 'distance_cm_roll_std_3', 'distance_cm_roll_mean_7', 'distance_cm_roll_std_7', 'distance_cm_roll_mean_14', 'distance_cm_roll_std_14', 'dow']
2026-03-02 21:51:40,474 - __main__ - INFO -    Training samples: 97
2026-03-02 21:51:41,062 - __main__ - INFO -    Fold 1: MAE=12.87, RMSE=20.32, R˛=0.480
2026-03-02 21:51:41,639 - __main__ - INFO -    Fold 2: MAE=6.94, RMSE=13.92, R˛=0.792
2026-03-02 21:51:42,212 - __main__ - INFO -    Fold 3: MAE=21.42, RMSE=27.69, R˛=0.252
2026-03-02 21:51:42,215 - __main__ - INFO -    Cross-validation results:
2026-03-02 21:51:42,215 - __main__ - INFO -    - MAE: 13.74 ± 5.94
2026-03-02 21:51:42,215 - __main__ - INFO -    - RMSE: 20.65 ± 5.63
2026-03-02 21:51:42,215 - __main__ - INFO -    - R˛: 0.508 ± 0.222
2026-03-02 21:51:42,779 - __main__ - INFO -    Top 5 important features:
2026-03-02 21:51:42,782 - __main__ - INFO -      - distance_cm_roll_mean_3: 0.662
2026-03-02 21:51:42,782 - __main__ - INFO -      - distance_cm_lag_2: 0.082
2026-03-02 21:51:42,782 - __main__ - INFO -      - distance_cm_roll_std_3: 0.059
2026-03-02 21:51:42,782 - __main__ - INFO -      - distance_cm_roll_mean_14: 0.055
2026-03-02 21:51:42,782 - __main__ - INFO -      - distance_cm_lag_1: 0.032
2026-03-02 21:51:42,902 - __main__ - INFO - [Save] Model saved to C:\Users\HP\Documents\my\res\EcoFit_app\backend\waste-classification\model\overflow\lag_model_random_yellow_bin_20260302_162142.pkl
2026-03-02 21:51:42,904 - __main__ - INFO - [Save] Removed previous model lag_model_random_yellow_bin_20260208_174945.pkl
2026-03-02 21:51:42,907 - __main__ - INFO - --- Training bin_id=green_bin ---
2026-03-02 21:51:42,907 - __main__ - INFO - [Data] Connecting to MongoDB...
2026-03-02 21:51:44,742 - __main__ - INFO - Fetched 84 records for green_bin from last 60 days
2026-03-02 21:51:44,742 - __main__ - INFO - [Features] Preparing features...
2026-03-02 21:51:44,759 - __main__ - INFO -    Prepared 84 samples with 15 features
2026-03-02 21:51:44,759 - __main__ - INFO - [Training] Training model...
2026-03-02 21:51:44,759 - __main__ - INFO -    Using 12 features: ['distance_cm_lag_1', 'distance_cm_lag_2', 'distance_cm_lag_3', 'distance_cm_lag_7', 'distance_cm_lag_14', 'distance_cm_roll_mean_3', 'distance_cm_roll_std_3', 'distance_cm_roll_mean_7', 'distance_cm_roll_std_7', 'distance_cm_roll_mean_14', 'distance_cm_roll_std_14', 'dow']
2026-03-02 21:51:44,762 - __main__ - INFO -    Training samples: 84
2026-03-02 21:51:45,388 - __main__ - INFO -    Fold 1: MAE=17.36, RMSE=23.97, R˛=0.516
2026-03-02 21:51:46,046 - __main__ - INFO -    Fold 2: MAE=17.64, RMSE=23.67, R˛=0.335
2026-03-02 21:51:46,602 - __main__ - INFO -    Fold 3: MAE=7.77, RMSE=11.13, R˛=0.841
2026-03-02 21:51:46,602 - __main__ - INFO -    Cross-validation results:
2026-03-02 21:51:46,602 - __main__ - INFO -    - MAE: 14.25 ± 4.59
2026-03-02 21:51:46,602 - __main__ - INFO -    - RMSE: 19.59 ± 5.98
2026-03-02 21:51:46,602 - __main__ - INFO -    - R˛: 0.564 ± 0.209
2026-03-02 21:51:47,093 - __main__ - INFO -    Top 5 important features:
2026-03-02 21:51:47,095 - __main__ - INFO -      - distance_cm_roll_mean_3: 0.497
2026-03-02 21:51:47,095 - __main__ - INFO -      - distance_cm_lag_2: 0.202
2026-03-02 21:51:47,095 - __main__ - INFO -      - distance_cm_roll_std_3: 0.078
2026-03-02 21:51:47,095 - __main__ - INFO -      - distance_cm_roll_std_7: 0.069
2026-03-02 21:51:47,095 - __main__ - INFO -      - distance_cm_lag_1: 0.040
2026-03-02 21:51:47,247 - __main__ - INFO - [Save] Model saved to C:\Users\HP\Documents\my\res\EcoFit_app\backend\waste-classification\model\overflow\lag_model_random_green_bin_20260302_162147.pkl
2026-03-02 21:51:47,247 - __main__ - INFO - [Save] Removed previous model lag_model_random_green_bin_20260208_174949.pkl
2026-03-02 21:51:47,252 - __main__ - INFO - --- Training bin_id=black_bin ---
2026-03-02 21:51:47,252 - __main__ - INFO - [Data] Connecting to MongoDB...
2026-03-02 21:51:49,022 - __main__ - INFO - Fetched 98 records for black_bin from last 60 days
2026-03-02 21:51:49,022 - __main__ - INFO - [Features] Preparing features...
2026-03-02 21:51:49,036 - __main__ - INFO -    Prepared 98 samples with 15 features
2026-03-02 21:51:49,036 - __main__ - INFO - [Training] Training model...
2026-03-02 21:51:49,036 - __main__ - INFO -    Using 12 features: ['distance_cm_lag_1', 'distance_cm_lag_2', 'distance_cm_lag_3', 'distance_cm_lag_7', 'distance_cm_lag_14', 'distance_cm_roll_mean_3', 'distance_cm_roll_std_3', 'distance_cm_roll_mean_7', 'distance_cm_roll_std_7', 'distance_cm_roll_mean_14', 'distance_cm_roll_std_14', 'dow']
2026-03-02 21:51:49,036 - __main__ - INFO -    Training samples: 98
2026-03-02 21:51:49,667 - __main__ - INFO -    Fold 1: MAE=4.68, RMSE=5.18, R˛=0.780
2026-03-02 21:51:50,296 - __main__ - INFO -    Fold 2: MAE=9.36, RMSE=11.74, R˛=-0.661
2026-03-02 21:51:50,890 - __main__ - INFO -    Fold 3: MAE=2.39, RMSE=3.72, R˛=0.140
2026-03-02 21:51:50,890 - __main__ - INFO -    Cross-validation results:
2026-03-02 21:51:50,890 - __main__ - INFO -    - MAE: 5.48 ± 2.90
2026-03-02 21:51:50,892 - __main__ - INFO -    - RMSE: 6.88 ± 3.49
2026-03-02 21:51:50,892 - __main__ - INFO -    - R˛: 0.086 ± 0.589
2026-03-02 21:51:51,484 - __main__ - INFO -    Top 5 important features:
2026-03-02 21:51:51,484 - __main__ - INFO -      - distance_cm_lag_2: 0.926
2026-03-02 21:51:51,484 - __main__ - INFO -      - distance_cm_roll_mean_3: 0.026
2026-03-02 21:51:51,484 - __main__ - INFO -      - distance_cm_roll_mean_14: 0.010
2026-03-02 21:51:51,484 - __main__ - INFO -      - distance_cm_roll_mean_7: 0.010
2026-03-02 21:51:51,484 - __main__ - INFO -      - distance_cm_lag_14: 0.008
2026-03-02 21:51:51,652 - __main__ - INFO - [Save] Model saved to C:\Users\HP\Documents\my\res\EcoFit_app\backend\waste-classification\model\overflow\lag_model_random_black_bin_20260302_162151.pkl
2026-03-02 21:51:51,654 - __main__ - INFO - [Save] Removed previous model lag_model_random_black_bin_20260208_174953.pkl
2026-03-02 21:51:51,656 - __main__ - INFO - --- Training bin_id=red_bin ---
2026-03-02 21:51:51,656 - __main__ - INFO - [Data] Connecting to MongoDB...
2026-03-02 21:51:53,452 - __main__ - INFO - Fetched 97 records for red_bin from last 60 days
2026-03-02 21:51:53,452 - __main__ - INFO - [Features] Preparing features...
2026-03-02 21:51:53,472 - __main__ - INFO -    Prepared 97 samples with 15 features
2026-03-02 21:51:53,472 - __main__ - INFO - [Training] Training model...
2026-03-02 21:51:53,472 - __main__ - INFO -    Using 12 features: ['distance_cm_lag_1', 'distance_cm_lag_2', 'distance_cm_lag_3', 'distance_cm_lag_7', 'distance_cm_lag_14', 'distance_cm_roll_mean_3', 'distance_cm_roll_std_3', 'distance_cm_roll_mean_7', 'distance_cm_roll_std_7', 'distance_cm_roll_mean_14', 'distance_cm_roll_std_14', 'dow']
2026-03-02 21:51:53,476 - __main__ - INFO -    Training samples: 97
2026-03-02 21:51:54,109 - __main__ - INFO -    Fold 1: MAE=7.86, RMSE=9.39, R˛=0.288
2026-03-02 21:51:54,739 - __main__ - INFO -    Fold 2: MAE=6.48, RMSE=8.37, R˛=0.253
2026-03-02 21:51:55,347 - __main__ - INFO -    Fold 3: MAE=10.04, RMSE=12.62, R˛=-0.071
2026-03-02 21:51:55,347 - __main__ - INFO -    Cross-validation results:
2026-03-02 21:51:55,347 - __main__ - INFO -    - MAE: 8.13 ± 1.47
2026-03-02 21:51:55,351 - __main__ - INFO -    - RMSE: 10.13 ± 1.81
2026-03-02 21:51:55,352 - __main__ - INFO -    - R˛: 0.157 ± 0.162
2026-03-02 21:51:56,018 - __main__ - INFO -    Top 5 important features:
2026-03-02 21:51:56,018 - __main__ - INFO -      - distance_cm_lag_2: 0.708
2026-03-02 21:51:56,018 - __main__ - INFO -      - distance_cm_lag_14: 0.130
2026-03-02 21:51:56,018 - __main__ - INFO -      - distance_cm_roll_mean_3: 0.103
2026-03-02 21:51:56,018 - __main__ - INFO -      - distance_cm_roll_mean_7: 0.018
2026-03-02 21:51:56,018 - __main__ - INFO -      - distance_cm_roll_mean_14: 0.013
2026-03-02 21:51:56,189 - __main__ - INFO - [Save] Model saved to C:\Users\HP\Documents\my\res\EcoFit_app\backend\waste-classification\model\overflow\lag_model_random_red_bin_20260302_162156.pkl
2026-03-02 21:51:56,189 - __main__ - INFO - [Save] Removed previous model lag_model_random_red_bin_20260208_174957.pkl
2026-03-02 21:51:56,205 - __main__ - INFO - ============================================================
2026-03-02 21:51:56,205 - __main__ - INFO - [OK] Retraining completed. Trained 5/5 bins in 25.0s
2026-03-02 21:51:56,205 - __main__ - INFO - ============================================================
2026-03-02 23:18:59,020 - __main__ - INFO - ============================================================
2026-03-02 23:18:59,020 - __main__ - INFO - [Start] Starting Bin Overflow Prediction Model Retraining (all bins)
2026-03-02 23:18:59,020 - __main__ - INFO -    Bins: ['blue_bin', 'yellow_bin', 'green_bin', 'black_bin', 'red_bin']
2026-03-02 23:18:59,020 - __main__ - INFO -    Time: 2026-03-02T17:48:59.020965
2026-03-02 23:18:59,020 - __main__ - INFO - ============================================================
2026-03-02 23:18:59,279 - __main__ - INFO - --- Training bin_id=blue_bin ---
2026-03-02 23:18:59,279 - __main__ - INFO - [Data] Connecting to MongoDB...
2026-03-02 23:19:01,270 - __main__ - INFO - Fetched 96 records for blue_bin from last 60 days
2026-03-02 23:19:02,936 - __main__ - INFO - [Training] Training model...
2026-03-02 23:19:02,938 - __main__ - INFO -    Using 12 features: ['distance_cm_lag_1', 'distance_cm_lag_2', 'distance_cm_lag_3', 'distance_cm_lag_7', 'distance_cm_lag_14', 'distance_cm_roll_mean_3', 'distance_cm_roll_std_3', 'distance_cm_roll_mean_7', 'distance_cm_roll_std_7', 'distance_cm_roll_mean_14', 'distance_cm_roll_std_14', 'dow']
2026-03-02 23:19:02,938 - __main__ - INFO -    Training samples: 45
2026-03-02 23:19:03,552 - __main__ - INFO -    Fold 1: MAE=13.91, RMSE=16.68, R˛=0.161
2026-03-02 23:19:04,098 - __main__ - INFO -    Fold 2: MAE=14.70, RMSE=16.64, R˛=-0.960
2026-03-02 23:19:04,673 - __main__ - INFO -    Fold 3: MAE=12.03, RMSE=16.62, R˛=-1.845
2026-03-02 23:19:04,673 - __main__ - INFO -    Cross-validation results:
2026-03-02 23:19:04,673 - __main__ - INFO -    - MAE: 13.55 ± 1.12
2026-03-02 23:19:04,673 - __main__ - INFO -    - RMSE: 16.65 ± 0.03
2026-03-02 23:19:04,675 - __main__ - INFO -    - R˛: -0.881 ± 0.821
2026-03-02 23:19:05,266 - __main__ - INFO -    Top 5 important features:
2026-03-02 23:19:05,266 - __main__ - INFO -      - distance_cm_lag_1: 0.589
2026-03-02 23:19:05,266 - __main__ - INFO -      - distance_cm_lag_2: 0.085
2026-03-02 23:19:05,266 - __main__ - INFO -      - distance_cm_lag_14: 0.078
2026-03-02 23:19:05,266 - __main__ - INFO -      - distance_cm_roll_mean_3: 0.055
2026-03-02 23:19:05,266 - __main__ - INFO -      - distance_cm_roll_std_14: 0.045
2026-03-02 23:19:05,399 - __main__ - INFO - [Save] Model saved to C:\Users\HP\Documents\my\res\EcoFit_app\backend\waste-classification\model\overflow\lag_model_random_blue_bin_20260302_174905.pkl
2026-03-02 23:19:05,400 - __main__ - INFO - [Save] Removed previous model lag_model_random_blue_bin_20260302_162138.pkl
2026-03-02 23:19:05,400 - __main__ - INFO - --- Training bin_id=yellow_bin ---
2026-03-02 23:19:05,400 - __main__ - INFO - [Data] Connecting to MongoDB...
2026-03-02 23:19:07,336 - __main__ - INFO - Fetched 59 records for yellow_bin from last 60 days
2026-03-02 23:19:07,363 - __main__ - INFO - [Training] Training model...
2026-03-02 23:19:07,367 - __main__ - INFO -    Using 12 features: ['distance_cm_lag_1', 'distance_cm_lag_2', 'distance_cm_lag_3', 'distance_cm_lag_7', 'distance_cm_lag_14', 'distance_cm_roll_mean_3', 'distance_cm_roll_std_3', 'distance_cm_roll_mean_7', 'distance_cm_roll_std_7', 'distance_cm_roll_mean_14', 'distance_cm_roll_std_14', 'dow']
2026-03-02 23:19:07,367 - __main__ - INFO -    Training samples: 45
2026-03-02 23:19:07,891 - __main__ - INFO -    Fold 1: MAE=8.98, RMSE=11.01, R˛=-0.456
2026-03-02 23:19:08,559 - __main__ - INFO -    Fold 2: MAE=7.66, RMSE=11.61, R˛=0.764
2026-03-02 23:19:09,049 - __main__ - INFO -    Fold 3: MAE=11.89, RMSE=27.82, R˛=-0.015
2026-03-02 23:19:09,049 - __main__ - INFO -    Cross-validation results:
2026-03-02 23:19:09,049 - __main__ - INFO -    - MAE: 9.51 ± 1.77
2026-03-02 23:19:09,049 - __main__ - INFO -    - RMSE: 16.81 ± 7.79
2026-03-02 23:19:09,049 - __main__ - INFO -    - R˛: 0.097 ± 0.504
2026-03-02 23:19:09,522 - __main__ - INFO -    Top 5 important features:
2026-03-02 23:19:09,522 - __main__ - INFO -      - distance_cm_lag_7: 0.781
2026-03-02 23:19:09,526 - __main__ - INFO -      - distance_cm_lag_1: 0.037
2026-03-02 23:19:09,526 - __main__ - INFO -      - distance_cm_roll_mean_7: 0.029
2026-03-02 23:19:09,526 - __main__ - INFO -      - distance_cm_lag_14: 0.026
2026-03-02 23:19:09,526 - __main__ - INFO -      - distance_cm_lag_3: 0.024
2026-03-02 23:19:09,608 - __main__ - INFO - [Save] Model saved to C:\Users\HP\Documents\my\res\EcoFit_app\backend\waste-classification\model\overflow\lag_model_random_yellow_bin_20260302_174909.pkl
2026-03-02 23:19:09,613 - __main__ - INFO - [Save] Removed previous model lag_model_random_yellow_bin_20260302_162142.pkl
2026-03-02 23:19:09,613 - __main__ - INFO - --- Training bin_id=green_bin ---
2026-03-02 23:19:09,613 - __main__ - INFO - [Data] Connecting to MongoDB...
2026-03-02 23:19:11,447 - __main__ - INFO - Fetched 84 records for green_bin from last 60 days
2026-03-02 23:19:11,464 - __main__ - INFO - [Training] Training model...
2026-03-02 23:19:11,469 - __main__ - INFO -    Using 12 features: ['distance_cm_lag_1', 'distance_cm_lag_2', 'distance_cm_lag_3', 'distance_cm_lag_7', 'distance_cm_lag_14', 'distance_cm_roll_mean_3', 'distance_cm_roll_std_3', 'distance_cm_roll_mean_7', 'distance_cm_roll_std_7', 'distance_cm_roll_mean_14', 'distance_cm_roll_std_14', 'dow']
2026-03-02 23:19:11,469 - __main__ - INFO -    Training samples: 45
2026-03-02 23:19:12,011 - __main__ - INFO -    Fold 1: MAE=34.79, RMSE=39.92, R˛=-0.285
2026-03-02 23:19:12,502 - __main__ - INFO -    Fold 2: MAE=30.20, RMSE=36.60, R˛=-0.888
2026-03-02 23:19:12,976 - __main__ - INFO -    Fold 3: MAE=4.05, RMSE=5.17, R˛=0.944
2026-03-02 23:19:12,976 - __main__ - INFO -    Cross-validation results:
2026-03-02 23:19:12,980 - __main__ - INFO -    - MAE: 23.02 ± 13.54
2026-03-02 23:19:12,980 - __main__ - INFO -    - RMSE: 27.23 ± 15.66
2026-03-02 23:19:12,980 - __main__ - INFO -    - R˛: -0.076 ± 0.763
2026-03-02 23:19:13,477 - __main__ - INFO -    Top 5 important features:
2026-03-02 23:19:13,477 - __main__ - INFO -      - distance_cm_lag_1: 0.360
2026-03-02 23:19:13,482 - __main__ - INFO -      - distance_cm_lag_7: 0.134
2026-03-02 23:19:13,482 - __main__ - INFO -      - distance_cm_lag_3: 0.100
2026-03-02 23:19:13,482 - __main__ - INFO -      - distance_cm_roll_mean_14: 0.098
2026-03-02 23:19:13,482 - __main__ - INFO -      - distance_cm_lag_14: 0.078
2026-03-02 23:19:13,581 - __main__ - INFO - [Save] Model saved to C:\Users\HP\Documents\my\res\EcoFit_app\backend\waste-classification\model\overflow\lag_model_random_green_bin_20260302_174913.pkl
2026-03-02 23:19:13,581 - __main__ - INFO - [Save] Removed previous model lag_model_random_green_bin_20260302_162147.pkl
2026-03-02 23:19:13,581 - __main__ - INFO - --- Training bin_id=black_bin ---
2026-03-02 23:19:13,581 - __main__ - INFO - [Data] Connecting to MongoDB...
2026-03-02 23:19:15,436 - __main__ - INFO - Fetched 97 records for black_bin from last 60 days
2026-03-02 23:19:15,459 - __main__ - INFO - [Training] Training model...
2026-03-02 23:19:15,459 - __main__ - INFO -    Using 12 features: ['distance_cm_lag_1', 'distance_cm_lag_2', 'distance_cm_lag_3', 'distance_cm_lag_7', 'distance_cm_lag_14', 'distance_cm_roll_mean_3', 'distance_cm_roll_std_3', 'distance_cm_roll_mean_7', 'distance_cm_roll_std_7', 'distance_cm_roll_mean_14', 'distance_cm_roll_std_14', 'dow']
2026-03-02 23:19:15,459 - __main__ - INFO -    Training samples: 45
2026-03-02 23:19:16,043 - __main__ - INFO -    Fold 1: MAE=4.93, RMSE=5.40, R˛=-5.182
2026-03-02 23:19:16,586 - __main__ - INFO -    Fold 2: MAE=2.51, RMSE=3.27, R˛=-4.094
2026-03-02 23:19:17,108 - __main__ - INFO -    Fold 3: MAE=4.40, RMSE=4.67, R˛=-8.311
2026-03-02 23:19:17,110 - __main__ - INFO -    Cross-validation results:
2026-03-02 23:19:17,110 - __main__ - INFO -    - MAE: 3.95 ± 1.04
2026-03-02 23:19:17,110 - __main__ - INFO -    - RMSE: 4.45 ± 0.88
2026-03-02 23:19:17,110 - __main__ - INFO -    - R˛: -5.862 ± 1.787
2026-03-02 23:19:17,669 - __main__ - INFO -    Top 5 important features:
2026-03-02 23:19:17,669 - __main__ - INFO -      - distance_cm_lag_1: 0.568
2026-03-02 23:19:17,669 - __main__ - INFO -      - distance_cm_lag_2: 0.090
2026-03-02 23:19:17,669 - __main__ - INFO -      - distance_cm_roll_mean_3: 0.060
2026-03-02 23:19:17,669 - __main__ - INFO -      - distance_cm_lag_3: 0.058
2026-03-02 23:19:17,669 - __main__ - INFO -      - distance_cm_roll_std_14: 0.048
2026-03-02 23:19:17,883 - __main__ - INFO - [Save] Model saved to C:\Users\HP\Documents\my\res\EcoFit_app\backend\waste-classification\model\overflow\lag_model_random_black_bin_20260302_174917.pkl
2026-03-02 23:19:17,883 - __main__ - INFO - [Save] Removed previous model lag_model_random_black_bin_20260302_162151.pkl
2026-03-02 23:19:17,883 - __main__ - INFO - --- Training bin_id=red_bin ---
2026-03-02 23:19:17,883 - __main__ - INFO - [Data] Connecting to MongoDB...
2026-03-02 23:19:19,806 - __main__ - INFO - Fetched 96 records for red_bin from last 60 days
2026-03-02 23:19:19,823 - __main__ - INFO - [Training] Training model...
2026-03-02 23:19:19,825 - __main__ - INFO -    Using 12 features: ['distance_cm_lag_1', 'distance_cm_lag_2', 'distance_cm_lag_3', 'distance_cm_lag_7', 'distance_cm_lag_14', 'distance_cm_roll_mean_3', 'distance_cm_roll_std_3', 'distance_cm_roll_mean_7', 'distance_cm_roll_std_7', 'distance_cm_roll_mean_14', 'distance_cm_roll_std_14', 'dow']
2026-03-02 23:19:19,825 - __main__ - INFO -    Training samples: 45
2026-03-02 23:19:20,339 - __main__ - INFO -    Fold 1: MAE=10.42, RMSE=11.38, R˛=-5.817
2026-03-02 23:19:20,850 - __main__ - INFO -    Fold 2: MAE=6.02, RMSE=7.45, R˛=-0.548
2026-03-02 23:19:21,327 - __main__ - INFO -    Fold 3: MAE=14.12, RMSE=15.61, R˛=-3.983
2026-03-02 23:19:21,327 - __main__ - INFO -    Cross-validation results:
2026-03-02 23:19:21,327 - __main__ - INFO -    - MAE: 10.18 ± 3.31
2026-03-02 23:19:21,332 - __main__ - INFO -    - RMSE: 11.48 ± 3.33
2026-03-02 23:19:21,332 - __main__ - INFO -    - R˛: -3.449 ± 2.184
2026-03-02 23:19:21,880 - __main__ - INFO -    Top 5 important features:
2026-03-02 23:19:21,880 - __main__ - INFO -      - distance_cm_lag_14: 0.279
2026-03-02 23:19:21,884 - __main__ - INFO -      - distance_cm_roll_mean_14: 0.265
2026-03-02 23:19:21,884 - __main__ - INFO -      - distance_cm_lag_1: 0.104
2026-03-02 23:19:21,884 - __main__ - INFO -      - distance_cm_roll_mean_3: 0.099
2026-03-02 23:19:21,884 - __main__ - INFO -      - distance_cm_roll_mean_7: 0.068
2026-03-02 23:19:22,009 - __main__ - INFO - [Save] Model saved to C:\Users\HP\Documents\my\res\EcoFit_app\backend\waste-classification\model\overflow\lag_model_random_red_bin_20260302_174921.pkl
2026-03-02 23:19:22,010 - __main__ - INFO - [Save] Removed previous model lag_model_random_red_bin_20260302_162156.pkl
2026-03-02 23:19:22,010 - __main__ - INFO - ============================================================
2026-03-02 23:19:22,010 - __main__ - INFO - [OK] Retraining completed. Trained 5/5 bins in 23.0s
2026-03-02 23:19:22,010 - __main__ - INFO - ============================================================
2026-03-02 23:45:12,991 - __main__ - INFO - ============================================================
2026-03-02 23:45:12,991 - __main__ - INFO - [Start] Starting Bin Overflow Prediction Model Retraining (all bins)
2026-03-02 23:45:12,991 - __main__ - INFO -    Bins: ['blue_bin', 'yellow_bin', 'green_bin', 'black_bin', 'red_bin']
2026-03-02 23:45:12,991 - __main__ - INFO -    Time: 2026-03-02T18:15:12.991743
2026-03-02 23:45:12,997 - __main__ - INFO - ============================================================
2026-03-02 23:45:13,146 - __main__ - INFO - --- Training bin_id=blue_bin ---
2026-03-02 23:45:13,151 - __main__ - INFO - [Data] Connecting to MongoDB...
2026-03-02 23:45:15,437 - __main__ - INFO - Fetched 96 records for blue_bin from last 60 days
2026-03-02 23:45:16,642 - __main__ - INFO - [Training] Training model...
2026-03-02 23:45:16,642 - __main__ - INFO -    Using 12 features: ['distance_cm_lag_1', 'distance_cm_lag_2', 'distance_cm_lag_3', 'distance_cm_lag_7', 'distance_cm_lag_14', 'distance_cm_roll_mean_3', 'distance_cm_roll_std_3', 'distance_cm_roll_mean_7', 'distance_cm_roll_std_7', 'distance_cm_roll_mean_14', 'distance_cm_roll_std_14', 'dow']
2026-03-02 23:45:16,642 - __main__ - INFO -    Training samples: 44
2026-03-02 23:45:17,163 - __main__ - INFO -    Fold 1: MAE=14.10, RMSE=16.31, R˛=0.198
2026-03-02 23:45:17,705 - __main__ - INFO -    Fold 2: MAE=15.15, RMSE=17.89, R˛=-1.265
2026-03-02 23:45:18,240 - __main__ - INFO -    Fold 3: MAE=16.78, RMSE=20.54, R˛=-3.346
2026-03-02 23:45:18,240 - __main__ - INFO -    Cross-validation results:
2026-03-02 23:45:18,244 - __main__ - INFO -    - MAE: 15.34 ± 1.10
2026-03-02 23:45:18,244 - __main__ - INFO -    - RMSE: 18.25 ± 1.74
2026-03-02 23:45:18,244 - __main__ - INFO -    - R˛: -1.471 ± 1.454
2026-03-02 23:45:18,685 - __main__ - INFO -    Top 5 important features:
2026-03-02 23:45:18,685 - __main__ - INFO -      - distance_cm_lag_1: 0.379
2026-03-02 23:45:18,685 - __main__ - INFO -      - distance_cm_lag_14: 0.245
2026-03-02 23:45:18,685 - __main__ - INFO -      - distance_cm_roll_std_14: 0.076
2026-03-02 23:45:18,685 - __main__ - INFO -      - distance_cm_roll_mean_14: 0.073
2026-03-02 23:45:18,685 - __main__ - INFO -      - distance_cm_lag_2: 0.045
2026-03-02 23:45:18,761 - __main__ - INFO - [Save] Model saved to C:\Users\HP\Documents\my\res\EcoFit_app\backend\waste-classification\model\overflow\lag_model_random_blue_bin_20260302_181518.pkl
2026-03-02 23:45:18,773 - __main__ - INFO - [Save] Removed previous model lag_model_random_blue_bin_20260302_174905.pkl
2026-03-02 23:45:18,773 - __main__ - INFO - --- Training bin_id=yellow_bin ---
2026-03-02 23:45:18,773 - __main__ - INFO - [Data] Connecting to MongoDB...
2026-03-02 23:45:20,556 - __main__ - INFO - Fetched 59 records for yellow_bin from last 60 days
2026-03-02 23:45:20,581 - __main__ - INFO - [Training] Training model...
2026-03-02 23:45:20,585 - __main__ - INFO -    Using 12 features: ['distance_cm_lag_1', 'distance_cm_lag_2', 'distance_cm_lag_3', 'distance_cm_lag_7', 'distance_cm_lag_14', 'distance_cm_roll_mean_3', 'distance_cm_roll_std_3', 'distance_cm_roll_mean_7', 'distance_cm_roll_std_7', 'distance_cm_roll_mean_14', 'distance_cm_roll_std_14', 'dow']
2026-03-02 23:45:20,585 - __main__ - INFO -    Training samples: 44
2026-03-02 23:45:21,112 - __main__ - INFO -    Fold 1: MAE=8.06, RMSE=9.78, R˛=-0.149
2026-03-02 23:45:21,594 - __main__ - INFO -    Fold 2: MAE=7.42, RMSE=12.78, R˛=0.713
2026-03-02 23:45:22,047 - __main__ - INFO -    Fold 3: MAE=13.89, RMSE=28.73, R˛=-0.082
2026-03-02 23:45:22,047 - __main__ - INFO -    Cross-validation results:
2026-03-02 23:45:22,049 - __main__ - INFO -    - MAE: 9.79 ± 2.91
2026-03-02 23:45:22,049 - __main__ - INFO -    - RMSE: 17.10 ± 8.31
2026-03-02 23:45:22,049 - __main__ - INFO -    - R˛: 0.161 ± 0.392
2026-03-02 23:45:22,506 - __main__ - INFO -    Top 5 important features:
2026-03-02 23:45:22,508 - __main__ - INFO -      - distance_cm_lag_7: 0.765
2026-03-02 23:45:22,508 - __main__ - INFO -      - distance_cm_roll_mean_14: 0.048
2026-03-02 23:45:22,508 - __main__ - INFO -      - distance_cm_lag_14: 0.038
2026-03-02 23:45:22,511 - __main__ - INFO -      - distance_cm_lag_3: 0.031
2026-03-02 23:45:22,511 - __main__ - INFO -      - distance_cm_roll_mean_7: 0.026
2026-03-02 23:45:22,618 - __main__ - INFO - [Save] Model saved to C:\Users\HP\Documents\my\res\EcoFit_app\backend\waste-classification\model\overflow\lag_model_random_yellow_bin_20260302_181522.pkl
2026-03-02 23:45:22,618 - __main__ - INFO - [Save] Removed previous model lag_model_random_yellow_bin_20260302_174909.pkl
2026-03-02 23:45:22,618 - __main__ - INFO - --- Training bin_id=green_bin ---
2026-03-02 23:45:22,618 - __main__ - INFO - [Data] Connecting to MongoDB...
2026-03-02 23:45:24,427 - __main__ - INFO - Fetched 84 records for green_bin from last 60 days
2026-03-02 23:45:24,452 - __main__ - INFO - [Training] Training model...
2026-03-02 23:45:24,452 - __main__ - INFO -    Using 12 features: ['distance_cm_lag_1', 'distance_cm_lag_2', 'distance_cm_lag_3', 'distance_cm_lag_7', 'distance_cm_lag_14', 'distance_cm_roll_mean_3', 'distance_cm_roll_std_3', 'distance_cm_roll_mean_7', 'distance_cm_roll_std_7', 'distance_cm_roll_mean_14', 'distance_cm_roll_std_14', 'dow']
2026-03-02 23:45:24,452 - __main__ - INFO -    Training samples: 44
2026-03-02 23:45:24,982 - __main__ - INFO -    Fold 1: MAE=35.36, RMSE=36.96, R˛=-0.102
2026-03-02 23:45:25,570 - __main__ - INFO -    Fold 2: MAE=32.21, RMSE=41.15, R˛=-1.387
2026-03-02 23:45:26,008 - __main__ - INFO -    Fold 3: MAE=3.34, RMSE=4.27, R˛=0.962
2026-03-02 23:45:26,008 - __main__ - INFO -    Cross-validation results:
2026-03-02 23:45:26,012 - __main__ - INFO -    - MAE: 23.63 ± 14.41
2026-03-02 23:45:26,012 - __main__ - INFO -    - RMSE: 27.46 ± 16.49
2026-03-02 23:45:26,012 - __main__ - INFO -    - R˛: -0.175 ± 0.960
2026-03-02 23:45:26,442 - __main__ - INFO -    Top 5 important features:
2026-03-02 23:45:26,442 - __main__ - INFO -      - distance_cm_roll_mean_14: 0.212
2026-03-02 23:45:26,442 - __main__ - INFO -      - distance_cm_lag_1: 0.171
2026-03-02 23:45:26,442 - __main__ - INFO -      - distance_cm_lag_3: 0.167
2026-03-02 23:45:26,442 - __main__ - INFO -      - distance_cm_lag_7: 0.134
2026-03-02 23:45:26,442 - __main__ - INFO -      - distance_cm_roll_mean_7: 0.089
2026-03-02 23:45:26,588 - __main__ - INFO - [Save] Model saved to C:\Users\HP\Documents\my\res\EcoFit_app\backend\waste-classification\model\overflow\lag_model_random_green_bin_20260302_181526.pkl
2026-03-02 23:45:26,588 - __main__ - INFO - [Save] Removed previous model lag_model_random_green_bin_20260302_174913.pkl
2026-03-02 23:45:26,590 - __main__ - INFO - --- Training bin_id=black_bin ---
2026-03-02 23:45:26,591 - __main__ - INFO - [Data] Connecting to MongoDB...
2026-03-02 23:45:28,286 - __main__ - INFO - Fetched 97 records for black_bin from last 60 days
2026-03-02 23:45:28,301 - __main__ - INFO - [Training] Training model...
2026-03-02 23:45:28,303 - __main__ - INFO -    Using 12 features: ['distance_cm_lag_1', 'distance_cm_lag_2', 'distance_cm_lag_3', 'distance_cm_lag_7', 'distance_cm_lag_14', 'distance_cm_roll_mean_3', 'distance_cm_roll_std_3', 'distance_cm_roll_mean_7', 'distance_cm_roll_std_7', 'distance_cm_roll_mean_14', 'distance_cm_roll_std_14', 'dow']
2026-03-02 23:45:28,303 - __main__ - INFO -    Training samples: 44
2026-03-02 23:45:28,872 - __main__ - INFO -    Fold 1: MAE=4.94, RMSE=5.41, R˛=-5.207
2026-03-02 23:45:29,456 - __main__ - INFO -    Fold 2: MAE=2.93, RMSE=3.72, R˛=-5.586
2026-03-02 23:45:30,044 - __main__ - INFO -    Fold 3: MAE=5.07, RMSE=5.46, R˛=-11.745
2026-03-02 23:45:30,044 - __main__ - INFO -    Cross-validation results:
2026-03-02 23:45:30,048 - __main__ - INFO -    - MAE: 4.31 ± 0.98
2026-03-02 23:45:30,048 - __main__ - INFO -    - RMSE: 4.86 ± 0.81
2026-03-02 23:45:30,048 - __main__ - INFO -    - R˛: -7.513 ± 2.997
2026-03-02 23:45:30,664 - __main__ - INFO -    Top 5 important features:
2026-03-02 23:45:30,667 - __main__ - INFO -      - distance_cm_lag_1: 0.470
2026-03-02 23:45:30,667 - __main__ - INFO -      - distance_cm_lag_2: 0.100
2026-03-02 23:45:30,667 - __main__ - INFO -      - distance_cm_roll_std_14: 0.087
2026-03-02 23:45:30,667 - __main__ - INFO -      - distance_cm_lag_3: 0.067
2026-03-02 23:45:30,667 - __main__ - INFO -      - distance_cm_roll_std_7: 0.055
2026-03-02 23:45:30,826 - __main__ - INFO - [Save] Model saved to C:\Users\HP\Documents\my\res\EcoFit_app\backend\waste-classification\model\overflow\lag_model_random_black_bin_20260302_181530.pkl
2026-03-02 23:45:30,826 - __main__ - INFO - [Save] Removed previous model lag_model_random_black_bin_20260302_174917.pkl
2026-03-02 23:45:30,826 - __main__ - INFO - --- Training bin_id=red_bin ---
2026-03-02 23:45:30,826 - __main__ - INFO - [Data] Connecting to MongoDB...
2026-03-02 23:45:32,510 - __main__ - INFO - Fetched 96 records for red_bin from last 60 days
2026-03-02 23:45:32,528 - __main__ - INFO - [Training] Training model...
2026-03-02 23:45:32,530 - __main__ - INFO -    Using 12 features: ['distance_cm_lag_1', 'distance_cm_lag_2', 'distance_cm_lag_3', 'distance_cm_lag_7', 'distance_cm_lag_14', 'distance_cm_roll_mean_3', 'distance_cm_roll_std_3', 'distance_cm_roll_mean_7', 'distance_cm_roll_std_7', 'distance_cm_roll_mean_14', 'distance_cm_roll_std_14', 'dow']
2026-03-02 23:45:32,530 - __main__ - INFO -    Training samples: 44
2026-03-02 23:45:33,055 - __main__ - INFO -    Fold 1: MAE=10.23, RMSE=11.20, R˛=-5.612
2026-03-02 23:45:33,545 - __main__ - INFO -    Fold 2: MAE=6.47, RMSE=7.75, R˛=-0.673
2026-03-02 23:45:34,077 - __main__ - INFO -    Fold 3: MAE=14.39, RMSE=15.94, R˛=-4.195
2026-03-02 23:45:34,077 - __main__ - INFO -    Cross-validation results:
2026-03-02 23:45:34,081 - __main__ - INFO -    - MAE: 10.37 ± 3.23
2026-03-02 23:45:34,081 - __main__ - INFO -    - RMSE: 11.63 ± 3.36
2026-03-02 23:45:34,081 - __main__ - INFO -    - R˛: -3.493 ± 2.076
2026-03-02 23:45:34,648 - __main__ - INFO -    Top 5 important features:
2026-03-02 23:45:34,648 - __main__ - INFO -      - distance_cm_roll_mean_14: 0.335
2026-03-02 23:45:34,648 - __main__ - INFO -      - distance_cm_lag_14: 0.329
2026-03-02 23:45:34,648 - __main__ - INFO -      - distance_cm_lag_1: 0.064
2026-03-02 23:45:34,648 - __main__ - INFO -      - distance_cm_roll_mean_3: 0.057
2026-03-02 23:45:34,648 - __main__ - INFO -      - distance_cm_roll_mean_7: 0.045
2026-03-02 23:45:34,763 - __main__ - INFO - [Save] Model saved to C:\Users\HP\Documents\my\res\EcoFit_app\backend\waste-classification\model\overflow\lag_model_random_red_bin_20260302_181534.pkl
2026-03-02 23:45:34,765 - __main__ - INFO - [Save] Removed previous model lag_model_random_red_bin_20260302_174921.pkl
2026-03-02 23:45:34,767 - __main__ - INFO - ============================================================
2026-03-02 23:45:34,767 - __main__ - INFO - [OK] Retraining completed. Trained 5/5 bins in 21.8s
2026-03-02 23:45:34,767 - __main__ - INFO - ============================================================
